<?xml version="1.0" encoding="UTF-8"?>
<testng-results ignored="0" total="1" passed="1" failed="0" skipped="0">
  <reporter-output>
  </reporter-output>
  <suite started-at="2025-02-27T11:49:28 IST" name="Default suite" finished-at="2025-02-27T11:49:34 IST" duration-ms="6079">
    <groups>
    </groups>
    <test started-at="2025-02-27T11:49:28 IST" name="Default test" finished-at="2025-02-27T11:49:34 IST" duration-ms="6079">
      <class name="takescreenshot.ToLearnElementScreenshot">
        <test-method signature="elementscreenshot()[pri:0, instance:takescreenshot.ToLearnElementScreenshot@77847718]" started-at="2025-02-27T11:49:28 IST" name="elementscreenshot" finished-at="2025-02-27T11:49:34 IST" duration-ms="6017" status="PASS">
          <reporter-output>
          </reporter-output>
        </test-method> <!-- elementscreenshot -->
      </class> <!-- takescreenshot.ToLearnElementScreenshot -->
    </test> <!-- Default test -->
  </suite> <!-- Default suite -->
</testng-results>
