<?xml version="1.0" encoding="UTF-8"?>
<testng-results ignored="0" total="1" passed="1" failed="0" skipped="0">
  <reporter-output>
  </reporter-output>
  <suite started-at="2025-03-08T11:43:15 IST" name="Default suite" finished-at="2025-03-08T11:43:19 IST" duration-ms="4285">
    <groups>
    </groups>
    <test started-at="2025-03-08T11:43:15 IST" name="Default test" finished-at="2025-03-08T11:43:19 IST" duration-ms="4285">
      <class name="dropdowns.ToLearnmultiSelect">
        <test-method signature="multiselect()[pri:0, instance:dropdowns.ToLearnmultiSelect@77847718]" started-at="2025-03-08T11:43:15 IST" name="multiselect" finished-at="2025-03-08T11:43:19 IST" duration-ms="4225" status="PASS">
          <reporter-output>
          </reporter-output>
        </test-method> <!-- multiselect -->
      </class> <!-- dropdowns.ToLearnmultiSelect -->
    </test> <!-- Default test -->
  </suite> <!-- Default suite -->
</testng-results>
